Watching for file changes with StatReloader
Waiting for apps ready_event.
Apps ready_event triggered. Sending autoreload_started signal.
Watching dir /Users/juliansuarez/Desktop/test_django/proyecto/locale with glob **/*.mo.
Watching dir /Users/juliansuarez/Desktop/test_django/proyecto/todo/locale with glob **/*.mo.
File /usr/local/lib/python3.9/site-packages/django/core/checks/model_checks.py first seen with mtime 1614303884.1816034
File /usr/local/lib/python3.9/site-packages/django/contrib/contenttypes/views.py first seen with mtime 1614303883.4744217
File /usr/local/Cellar/python@3.9/3.9.7/Frameworks/Python.framework/Versions/3.9/lib/python3.9/asyncio/log.py first seen with mtime 1630351153.0
File /usr/local/lib/python3.9/site-packages/django/core/wsgi.py first seen with mtime 1614303884.1762664
File /usr/local/lib/python3.9/site-packages/asgiref/sync.py first seen with mtime 1614303882.8472536
File /usr/local/lib/python3.9/site-packages/django/utils/timesince.py first seen with mtime 1614303884.3319068
File /usr/local/Cellar/python@3.9/3.9.7/Frameworks/Python.framework/Versions/3.9/lib/python3.9/operator.py first seen with mtime 1630351153.0
File /usr/local/lib/python3.9/site-packages/django/db/models/sql/datastructures.py first seen with mtime 1614303884.2590353
File /usr/local/lib/python3.9/site-packages/django/template/smartif.py first seen with mtime 1614303884.2992408
File /usr/local/Cellar/python@3.9/3.9.7/Frameworks/Python.framework/Versions/3.9/lib/python3.9/asyncio/coroutines.py first seen with mtime 1630351153.0
File /usr/local/lib/python3.9/site-packages/django/core/mail/__init__.py first seen with mtime 1614303884.1913857
(0.002) 
            SELECT name, type FROM sqlite_master
            WHERE type in ('table', 'view') AND NOT name='sqlite_sequence'
            ORDER BY name; args=None
File /usr/local/lib/python3.9/site-packages/django/contrib/auth/middleware.py first seen with mtime 1614303883.3831358
File /usr/local/Cellar/python@3.9/3.9.7/Frameworks/Python.framework/Versions/3.9/lib/python3.9/linecache.py first seen with mtime 1630351153.0
File /usr/local/lib/python3.9/site-packages/django/contrib/admin/views/autocomplete.py first seen with mtime 1614303883.2991037
File /usr/local/lib/python3.9/site-packages/django/core/serializers/json.py first seen with mtime 1614303884.2083623
File /usr/local/lib/python3.9/site-packages/django/forms/utils.py first seen with mtime 1614303884.2660873
File /usr/local/Cellar/python@3.9/3.9.7/Frameworks/Python.framework/Versions/3.9/lib/python3.9/email/feedparser.py first seen with mtime 1630351153.0
File /usr/local/lib/python3.9/site-packages/django/utils/safestring.py first seen with mtime 1614303884.3307748
File /usr/local/Cellar/python@3.9/3.9.7/Frameworks/Python.framework/Versions/3.9/lib/python3.9/collections/abc.py first seen with mtime 1630351153.0
File /usr/local/lib/python3.9/site-packages/django/contrib/messages/storage/__init__.py first seen with mtime 1614303883.8388202
File /usr/local/lib/python3.9/site-packages/django/db/models/indexes.py first seen with mtime 1614303884.2476537
File /usr/local/lib/python3.9/site-packages/django/db/migrations/exceptions.py first seen with mtime 1614303884.2357745
File /usr/local/lib/python3.9/site-packages/django/utils/asyncio.py first seen with mtime 1614303884.3197186
File /usr/local/Cellar/python@3.9/3.9.7/Frameworks/Python.framework/Versions/3.9/lib/python3.9/urllib/error.py first seen with mtime 1630351153.0
(0.001) SELECT "django_migrations"."id", "django_migrations"."app", "django_migrations"."name", "django_migrations"."applied" FROM "django_migrations"; args=()
File /usr/local/lib/python3.9/site-packages/django/contrib/staticfiles/checks.py first seen with mtime 1614303884.168014
File /Users/juliansuarez/Desktop/test_django/proyecto/proyecto/__init__.py first seen with mtime 1652969112.822944
File /usr/local/lib/python3.9/site-packages/django/template/context.py first seen with mtime 1614303884.2948537
File /usr/local/Cellar/python@3.9/3.9.7/Frameworks/Python.framework/Versions/3.9/lib/python3.9/http/server.py first seen with mtime 1630351153.0
File /usr/local/Cellar/python@3.9/3.9.7/Frameworks/Python.framework/Versions/3.9/lib/python3.9/concurrent/futures/__init__.py first seen with mtime 1630351153.0
File /usr/local/lib/python3.9/site-packages/asgiref/local.py first seen with mtime 1614303882.8465056
File /usr/local/Cellar/python@3.9/3.9.7/Frameworks/Python.framework/Versions/3.9/lib/python3.9/lib-dynload/_pickle.cpython-39-darwin.so first seen with mtime 1632445489.89341
File /usr/local/lib/python3.9/site-packages/sqlparse/sql.py first seen with mtime 1614303882.544728
File /usr/local/lib/python3.9/site-packages/django/core/serializers/python.py first seen with mtime 1614303884.2087457
File /usr/local/lib/python3.9/site-packages/django/core/checks/urls.py first seen with mtime 1614303884.1828446
File /usr/local/lib/python3.9/site-packages/django/urls/__init__.py first seen with mtime 1614303884.3146515
File /usr/local/Cellar/python@3.9/3.9.7/Frameworks/Python.framework/Versions/3.9/lib/python3.9/wsgiref/__init__.py first seen with mtime 1630351153.0
File /usr/local/lib/python3.9/site-packages/django/dispatch/__init__.py first seen with mtime 1614303884.2612026
File /usr/local/lib/python3.9/site-packages/django/db/models/__init__.py first seen with mtime 1614303884.2442281
File /usr/local/lib/python3.9/site-packages/django/db/models/lookups.py first seen with mtime 1614303884.2480576
File /usr/local/Cellar/python@3.9/3.9.7/Frameworks/Python.framework/Versions/3.9/lib/python3.9/lib-dynload/fcntl.cpython-39-darwin.so first seen with mtime 1632445489.9175403
File /usr/local/Cellar/python@3.9/3.9.7/Frameworks/Python.framework/Versions/3.9/lib/python3.9/random.py first seen with mtime 1630351153.0
File /usr/local/lib/python3.9/site-packages/django/core/files/uploadhandler.py first seen with mtime 1614303884.1880548
File /usr/local/Cellar/python@3.9/3.9.7/Frameworks/Python.framework/Versions/3.9/lib/python3.9/logging/config.py first seen with mtime 1630351153.0
File /usr/local/lib/python3.9/site-packages/django/core/files/utils.py first seen with mtime 1614303884.1884532
File /usr/local/lib/python3.9/site-packages/django/utils/html.py first seen with mtime 1614303884.3269374
File /usr/local/lib/python3.9/site-packages/sqlparse/utils.py first seen with mtime 1614303882.5453627
File /usr/local/Cellar/python@3.9/3.9.7/Frameworks/Python.framework/Versions/3.9/lib/python3.9/statistics.py first seen with mtime 1630351153.0
File /usr/local/lib/python3.9/site-packages/django/db/__init__.py first seen with mtime 1614303884.2105935
File /usr/local/Cellar/python@3.9/3.9.7/Frameworks/Python.framework/Versions/3.9/lib/python3.9/secrets.py first seen with mtime 1630351153.0
File /usr/local/Cellar/python@3.9/3.9.7/Frameworks/Python.framework/Versions/3.9/lib/python3.9/abc.py first seen with mtime 1630351153.0
File /usr/local/lib/python3.9/site-packages/django/contrib/auth/__init__.py first seen with mtime 1614303883.379719
File /usr/local/Cellar/python@3.9/3.9.7/Frameworks/Python.framework/Versions/3.9/lib/python3.9/heapq.py first seen with mtime 1630351153.0
File /usr/local/Cellar/python@3.9/3.9.7/Frameworks/Python.framework/Versions/3.9/lib/python3.9/uuid.py first seen with mtime 1630351153.0
File /usr/local/Cellar/python@3.9/3.9.7/Frameworks/Python.framework/Versions/3.9/lib/python3.9/lib-dynload/_ssl.cpython-39-darwin.so first seen with mtime 1632445489.9061382
File /usr/local/lib/python3.9/site-packages/django/views/decorators/cache.py first seen with mtime 1614303884.3389544
File /usr/local/lib/python3.9/site-packages/django/contrib/admin/models.py first seen with mtime 1614303883.06575
File /usr/local/lib/python3.9/site-packages/django/contrib/admin/filters.py first seen with mtime 1614303883.0644677
File /usr/local/lib/python3.9/site-packages/django/core/files/temp.py first seen with mtime 1614303884.1871822
File /usr/local/lib/python3.9/site-packages/django/template/defaulttags.py first seen with mtime 1614303884.296694
File /usr/local/Cellar/python@3.9/3.9.7/Frameworks/Python.framework/Versions/3.9/lib/python3.9/fnmatch.py first seen with mtime 1630351153.0
File /usr/local/Cellar/python@3.9/3.9.7/Frameworks/Python.framework/Versions/3.9/lib/python3.9/http/cookies.py first seen with mtime 1630351153.0
File /usr/local/Cellar/python@3.9/3.9.7/Frameworks/Python.framework/Versions/3.9/lib/python3.9/typing.py first seen with mtime 1630351153.0
File /usr/local/lib/python3.9/site-packages/django/db/backends/base/schema.py first seen with mtime 1614303884.215765
File /usr/local/Cellar/python@3.9/3.9.7/Frameworks/Python.framework/Versions/3.9/lib/python3.9/importlib/util.py first seen with mtime 1630351153.0
File /usr/local/Cellar/python@3.9/3.9.7/Frameworks/Python.framework/Versions/3.9/lib/python3.9/asyncio/tasks.py first seen with mtime 1630351153.0
File /usr/local/Cellar/python@3.9/3.9.7/Frameworks/Python.framework/Versions/3.9/lib/python3.9/http/__init__.py first seen with mtime 1630351153.0
File /usr/local/Cellar/python@3.9/3.9.7/Frameworks/Python.framework/Versions/3.9/lib/python3.9/uu.py first seen with mtime 1630351153.0
File /usr/local/lib/python3.9/site-packages/django/db/models/sql/constants.py first seen with mtime 1614303884.2585697
File /usr/local/Cellar/python@3.9/3.9.7/Frameworks/Python.framework/Versions/3.9/lib/python3.9/curses/__init__.py first seen with mtime 1630351153.0
File /usr/local/lib/python3.9/site-packages/django/apps/__init__.py first seen with mtime 1614303882.9026523
File /usr/local/lib/python3.9/site-packages/django/contrib/sessions/apps.py first seen with mtime 1614303883.9875667
File /usr/local/lib/python3.9/site-packages/django/db/models/deletion.py first seen with mtime 1614303884.2463944
File /usr/local/Cellar/python@3.9/3.9.7/Frameworks/Python.framework/Versions/3.9/lib/python3.9/token.py first seen with mtime 1630351153.0
File /usr/local/lib/python3.9/site-packages/django/views/decorators/debug.py first seen with mtime 1614303884.3419085
File /usr/local/lib/python3.9/site-packages/django/utils/formats.py first seen with mtime 1614303884.3259099
File /usr/local/Cellar/python@3.9/3.9.7/Frameworks/Python.framework/Versions/3.9/lib/python3.9/lib-dynload/zlib.cpython-39-darwin.so first seen with mtime 1632445489.935656
File /usr/local/lib/python3.9/site-packages/django/shortcuts.py first seen with mtime 1614303882.8977833
File /usr/local/Cellar/python@3.9/3.9.7/Frameworks/Python.framework/Versions/3.9/lib/python3.9/email/_encoded_words.py first seen with mtime 1630351153.0
File /usr/local/Cellar/python@3.9/3.9.7/Frameworks/Python.framework/Versions/3.9/lib/python3.9/wsgiref/simple_server.py first seen with mtime 1630351153.0
File /usr/local/lib/python3.9/site-packages/sqlparse/filters/right_margin.py first seen with mtime 1614303882.548651
File /usr/local/lib/python3.9/site-packages/django/utils/module_loading.py first seen with mtime 1614303884.329802
File /usr/local/lib/python3.9/site-packages/django/contrib/staticfiles/apps.py first seen with mtime 1614303884.1677046
File /usr/local/lib/python3.9/site-packages/sqlparse/engine/statement_splitter.py first seen with mtime 1614303882.5467048
File /usr/local/lib/python3.9/site-packages/django/db/migrations/operations/special.py first seen with mtime 1614303884.2427428
File /usr/local/Cellar/python@3.9/3.9.7/Frameworks/Python.framework/Versions/3.9/lib/python3.9/email/encoders.py first seen with mtime 1630351153.0
File /usr/local/Cellar/python@3.9/3.9.7/Frameworks/Python.framework/Versions/3.9/lib/python3.9/lib-dynload/_blake2.cpython-39-darwin.so first seen with mtime 1632445489.8625495
File /usr/local/lib/python3.9/site-packages/django/template/backends/base.py first seen with mtime 1614303884.300637
File /usr/local/Cellar/python@3.9/3.9.7/Frameworks/Python.framework/Versions/3.9/lib/python3.9/pkgutil.py first seen with mtime 1630351153.0
File /usr/local/lib/python3.9/site-packages/django/template/__init__.py first seen with mtime 1614303884.2934515
File /usr/local/Cellar/python@3.9/3.9.7/Frameworks/Python.framework/Versions/3.9/lib/python3.9/traceback.py first seen with mtime 1630351153.0
File /usr/local/Cellar/python@3.9/3.9.7/Frameworks/Python.framework/Versions/3.9/lib/python3.9/sre_constants.py first seen with mtime 1630351153.0
File /usr/local/Cellar/python@3.9/3.9.7/Frameworks/Python.framework/Versions/3.9/lib/python3.9/asyncio/futures.py first seen with mtime 1630351153.0
File /usr/local/lib/python3.9/site-packages/django/contrib/admin/templatetags/base.py first seen with mtime 1614303883.2981129
File /usr/local/lib/python3.9/site-packages/django/core/exceptions.py first seen with mtime 1614303884.1744382
File /usr/local/lib/python3.9/site-packages/django/db/migrations/operations/fields.py first seen with mtime 1614303884.2411509
File /usr/local/Cellar/python@3.9/3.9.7/Frameworks/Python.framework/Versions/3.9/lib/python3.9/os.py first seen with mtime 1630351153.0
File /usr/local/Cellar/python@3.9/3.9.7/Frameworks/Python.framework/Versions/3.9/lib/python3.9/lib-dynload/_heapq.cpython-39-darwin.so first seen with mtime 1632445489.884444
File /usr/local/Cellar/python@3.9/3.9.7/Frameworks/Python.framework/Versions/3.9/lib/python3.9/genericpath.py first seen with mtime 1630351153.0
File /usr/local/Cellar/python@3.9/3.9.7/Frameworks/Python.framework/Versions/3.9/lib/python3.9/lib-dynload/_struct.cpython-39-darwin.so first seen with mtime 1632445489.9075155
File /usr/local/lib/python3.9/site-packages/asgiref/current_thread_executor.py first seen with mtime 1614303882.8461905
File /usr/local/lib/python3.9/site-packages/django/contrib/auth/checks.py first seen with mtime 1614303883.3810892
File /usr/local/lib/python3.9/site-packages/django/db/backends/base/features.py first seen with mtime 1614303884.2143915
File /usr/local/lib/python3.9/site-packages/django/core/handlers/exception.py first seen with mtime 1614303884.1905184
File /usr/local/Cellar/python@3.9/3.9.7/Frameworks/Python.framework/Versions/3.9/lib/python3.9/functools.py first seen with mtime 1630351153.0
File /usr/local/Cellar/python@3.9/3.9.7/Frameworks/Python.framework/Versions/3.9/lib/python3.9/lib-dynload/_asyncio.cpython-39-darwin.so first seen with mtime 1632445489.8609223
File /usr/local/lib/python3.9/site-packages/django/utils/lorem_ipsum.py first seen with mtime 1614303884.3294926
File /usr/local/lib/python3.9/site-packages/django/db/backends/sqlite3/creation.py first seen with mtime 1614303884.2329848
File /usr/local/Cellar/python@3.9/3.9.7/Frameworks/Python.framework/Versions/3.9/lib/python3.9/_weakrefset.py first seen with mtime 1630351153.0
File /usr/local/Cellar/python@3.9/3.9.7/Frameworks/Python.framework/Versions/3.9/lib/python3.9/concurrent/futures/_base.py first seen with mtime 1630351153.0
File /usr/local/Cellar/python@3.9/3.9.7/Frameworks/Python.framework/Versions/3.9/lib/python3.9/weakref.py first seen with mtime 1630351153.0
File /usr/local/lib/python3.9/site-packages/django/contrib/auth/admin.py first seen with mtime 1614303883.3800058
File /usr/local/Cellar/python@3.9/3.9.7/Frameworks/Python.framework/Versions/3.9/lib/python3.9/ntpath.py first seen with mtime 1630351153.0
File /usr/local/lib/python3.9/site-packages/django/forms/fields.py first seen with mtime 1614303884.2635882
File /usr/local/lib/python3.9/site-packages/django/contrib/contenttypes/models.py first seen with mtime 1614303883.4740987
File /usr/local/lib/python3.9/site-packages/django/db/models/fields/related_descriptors.py first seen with mtime 1614303884.254098
File /usr/local/Cellar/python@3.9/3.9.7/Frameworks/Python.framework/Versions/3.9/lib/python3.9/sqlite3/dbapi2.py first seen with mtime 1630351153.0
File /usr/local/lib/python3.9/site-packages/django/template/backends/django.py first seen with mtime 1614303884.3010767
File /usr/local/lib/python3.9/site-packages/django/utils/translation/reloader.py first seen with mtime 1614303884.334442
File /usr/local/lib/python3.9/site-packages/django/contrib/sessions/__init__.py first seen with mtime 1614303883.987324
File /usr/local/Cellar/python@3.9/3.9.7/Frameworks/Python.framework/Versions/3.9/lib/python3.9/email/mime/__init__.py first seen with mtime 1630351153.0
File /usr/local/lib/python3.9/site-packages/django/utils/tree.py first seen with mtime 1614303884.3329475
File /usr/local/Cellar/python@3.9/3.9.7/Frameworks/Python.framework/Versions/3.9/lib/python3.9/logging/__init__.py first seen with mtime 1630351153.0
File /usr/local/lib/python3.9/site-packages/django/utils/dateformat.py first seen with mtime 1614303884.3224044
File /usr/local/Cellar/python@3.9/3.9.7/Frameworks/Python.framework/Versions/3.9/lib/python3.9/email/contentmanager.py first seen with mtime 1630351153.0
File /usr/local/Cellar/python@3.9/3.9.7/Frameworks/Python.framework/Versions/3.9/lib/python3.9/asyncio/base_futures.py first seen with mtime 1630351153.0
File /usr/local/Cellar/python@3.9/3.9.7/Frameworks/Python.framework/Versions/3.9/lib/python3.9/urllib/parse.py first seen with mtime 1630351153.0
File /usr/local/Cellar/python@3.9/3.9.7/Frameworks/Python.framework/Versions/3.9/lib/python3.9/asyncio/base_events.py first seen with mtime 1630351153.0
File /usr/local/Cellar/python@3.9/3.9.7/Frameworks/Python.framework/Versions/3.9/lib/python3.9/decimal.py first seen with mtime 1630351153.0
File /usr/local/Cellar/python@3.9/3.9.7/Frameworks/Python.framework/Versions/3.9/lib/python3.9/keyword.py first seen with mtime 1630351153.0
File /usr/local/lib/python3.9/site-packages/django/core/files/storage.py first seen with mtime 1614303884.1867921
File /usr/local/lib/python3.9/site-packages/django/contrib/staticfiles/__init__.py first seen with mtime 1614303884.167404
File /usr/local/lib/python3.9/site-packages/django/templatetags/l10n.py first seen with mtime 1614303884.3070955
File /usr/local/Cellar/python@3.9/3.9.7/Frameworks/Python.framework/Versions/3.9/lib/python3.9/encodings/__init__.py first seen with mtime 1630351153.0
File /usr/local/Cellar/python@3.9/3.9.7/Frameworks/Python.framework/Versions/3.9/lib/python3.9/email/mime/message.py first seen with mtime 1630351153.0
File /usr/local/Cellar/python@3.9/3.9.7/Frameworks/Python.framework/Versions/3.9/lib/python3.9/lib-dynload/_json.cpython-39-darwin.so first seen with mtime 1632445489.8851879
File /usr/local/lib/python3.9/site-packages/django/forms/renderers.py first seen with mtime 1614303884.2657514
File /usr/local/Cellar/python@3.9/3.9.7/Frameworks/Python.framework/Versions/3.9/lib/python3.9/enum.py first seen with mtime 1630351153.0
File /usr/local/Cellar/python@3.9/3.9.7/Frameworks/Python.framework/Versions/3.9/lib/python3.9/lib-dynload/_lzma.cpython-39-darwin.so first seen with mtime 1632445489.8884397
File /usr/local/Cellar/python@3.9/3.9.7/Frameworks/Python.framework/Versions/3.9/lib/python3.9/urllib/__init__.py first seen with mtime 1630351153.0
File /usr/local/lib/python3.9/site-packages/django/contrib/admin/utils.py first seen with mtime 1614303883.06737
File /usr/local/Cellar/python@3.9/3.9.7/Frameworks/Python.framework/Versions/3.9/lib/python3.9/gzip.py first seen with mtime 1630351153.0
File /usr/local/lib/python3.9/site-packages/django/http/response.py first seen with mtime 1614303884.290074
File /usr/local/Cellar/python@3.9/3.9.7/Frameworks/Python.framework/Versions/3.9/lib/python3.9/_sitebuiltins.py first seen with mtime 1630351153.0
File /usr/local/lib/python3.9/site-packages/django/contrib/admin/views/__init__.py first seen with mtime 1614303883.2987823
File /usr/local/lib/python3.9/site-packages/django/core/checks/database.py first seen with mtime 1614303884.1809645
File /usr/local/Cellar/python@3.9/3.9.7/Frameworks/Python.framework/Versions/3.9/lib/python3.9/numbers.py first seen with mtime 1630351153.0
File /usr/local/lib/python3.9/site-packages/django/core/handlers/__init__.py first seen with mtime 1614303884.18876
File /usr/local/lib/python3.9/site-packages/django/utils/crypto.py first seen with mtime 1614303884.3215752
File /usr/local/lib/python3.9/site-packages/django/db/backends/base/operations.py first seen with mtime 1614303884.2151868
File /usr/local/lib/python3.9/site-packages/django/core/checks/security/base.py first seen with mtime 1614303884.1839805
File /usr/local/lib/python3.9/site-packages/django/utils/version.py first seen with mtime 1614303884.3332503
File /usr/local/lib/python3.9/site-packages/django/db/models/fields/__init__.py first seen with mtime 1614303884.2514439
File /usr/local/lib/python3.9/site-packages/django/forms/forms.py first seen with mtime 1614303884.2643151
File /usr/local/Cellar/python@3.9/3.9.7/Frameworks/Python.framework/Versions/3.9/lib/python3.9/lib-dynload/grp.cpython-39-darwin.so first seen with mtime 1632445489.9182289
File /usr/local/Cellar/python@3.9/3.9.7/Frameworks/Python.framework/Versions/3.9/lib/python3.9/concurrent/futures/thread.py first seen with mtime 1630351153.0
File /usr/local/Cellar/python@3.9/3.9.7/Frameworks/Python.framework/Versions/3.9/lib/python3.9/encodings/latin_1.py first seen with mtime 1630351153.0
File /usr/local/lib/python3.9/site-packages/django/db/models/signals.py first seen with mtime 1614303884.250409
File /usr/local/lib/python3.9/site-packages/django/views/generic/dates.py first seen with mtime 1614303884.3497846
File /usr/local/Cellar/python@3.9/3.9.7/Frameworks/Python.framework/Versions/3.9/lib/python3.9/email/charset.py first seen with mtime 1630351153.0
File /usr/local/lib/python3.9/site-packages/pytz/exceptions.py first seen with mtime 1614303882.5992253
File /usr/local/lib/python3.9/site-packages/django/template/base.py first seen with mtime 1614303884.2941866
File /usr/local/Cellar/python@3.9/3.9.7/Frameworks/Python.framework/Versions/3.9/lib/python3.9/importlib/machinery.py first seen with mtime 1630351153.0
File /usr/local/lib/python3.9/site-packages/django/template/response.py first seen with mtime 1614303884.2988958
File /usr/local/lib/python3.9/site-packages/django/contrib/contenttypes/management/__init__.py first seen with mtime 1614303883.551059
File /usr/local/lib/python3.9/site-packages/django/utils/http.py first seen with mtime 1614303884.3273861
File /usr/local/lib/python3.9/site-packages/sqlparse/exceptions.py first seen with mtime 1614303882.5432627
File /usr/local/lib/python3.9/site-packages/django/db/models/functions/comparison.py first seen with mtime 1614303884.2555454
File /usr/local/lib/python3.9/site-packages/django/core/mail/utils.py first seen with mtime 1614303884.192164
File /usr/local/Cellar/python@3.9/3.9.7/Frameworks/Python.framework/Versions/3.9/lib/python3.9/lib-dynload/binascii.cpython-39-darwin.so first seen with mtime 1632445489.9161546
File /usr/local/lib/python3.9/site-packages/django/contrib/__init__.py first seen with mtime 1614303883.0602484
File /usr/local/lib/python3.9/site-packages/django/contrib/auth/apps.py first seen with mtime 1614303883.3802671
File /usr/local/lib/python3.9/site-packages/django/contrib/auth/signals.py first seen with mtime 1614303883.384259
File /Users/juliansuarez/Desktop/test_django/proyecto/proyecto/urls.py first seen with mtime 1652969334.8814874
File /usr/local/lib/python3.9/site-packages/django/views/generic/edit.py first seen with mtime 1614303884.3522167
File /usr/local/Cellar/python@3.9/3.9.7/Frameworks/Python.framework/Versions/3.9/lib/python3.9/asyncio/sslproto.py first seen with mtime 1630351153.0
File /usr/local/Cellar/python@3.9/3.9.7/Frameworks/Python.framework/Versions/3.9/lib/python3.9/email/__init__.py first seen with mtime 1630351153.0
File /usr/local/lib/python3.9/site-packages/django/core/validators.py first seen with mtime 1614303884.1759293
File /usr/local/lib/python3.9/site-packages/django/views/__init__.py first seen with mtime 1614303884.3364224
File /usr/local/Cellar/python@3.9/3.9.7/Frameworks/Python.framework/Versions/3.9/lib/python3.9/fractions.py first seen with mtime 1630351153.0
File /usr/local/Cellar/python@3.9/3.9.7/Frameworks/Python.framework/Versions/3.9/lib/python3.9/http/client.py first seen with mtime 1630351153.0
File /usr/local/lib/python3.9/site-packages/django/dispatch/dispatcher.py first seen with mtime 1614303884.2617385
File /usr/local/Cellar/python@3.9/3.9.7/Frameworks/Python.framework/Versions/3.9/lib/python3.9/lib-dynload/array.cpython-39-darwin.so first seen with mtime 1632445489.9147353
File /usr/local/lib/python3.9/site-packages/django/forms/boundfield.py first seen with mtime 1614303884.2630656
File /usr/local/Cellar/python@3.9/3.9.7/Frameworks/Python.framework/Versions/3.9/lib/python3.9/bz2.py first seen with mtime 1630351153.0
File /usr/local/lib/python3.9/site-packages/django/contrib/contenttypes/forms.py first seen with mtime 1614303883.4737642
File /usr/local/lib/python3.9/site-packages/django/db/models/functions/datetime.py first seen with mtime 1614303884.2559125
File /usr/local/lib/python3.9/site-packages/django/utils/datastructures.py first seen with mtime 1614303884.322041
File /usr/local/Cellar/python@3.9/3.9.7/Frameworks/Python.framework/Versions/3.9/lib/python3.9/lib-dynload/_sqlite3.cpython-39-darwin.so first seen with mtime 1632445489.9032247
File /usr/local/lib/python3.9/site-packages/django/db/backends/sqlite3/base.py first seen with mtime 1614303884.2322273
File /usr/local/lib/python3.9/site-packages/django/db/models/fields/mixins.py first seen with mtime 1614303884.2526495
File /usr/local/lib/python3.9/site-packages/django/db/models/sql/__init__.py first seen with mtime 1614303884.257603
File /usr/local/Cellar/python@3.9/3.9.7/Frameworks/Python.framework/Versions/3.9/lib/python3.9/lib-dynload/select.cpython-39-darwin.so first seen with mtime 1632445489.9246535
File /usr/local/Cellar/python@3.9/3.9.7/Frameworks/Python.framework/Versions/3.9/lib/python3.9/collections/__init__.py first seen with mtime 1630351153.0
File /usr/local/lib/python3.9/site-packages/django/contrib/staticfiles/finders.py first seen with mtime 1614303884.1683648
File /usr/local/lib/python3.9/site-packages/django/templatetags/static.py first seen with mtime 1614303884.3076384
File /Users/juliansuarez/Desktop/test_django/proyecto/todo/__init__.py first seen with mtime 1652969153.9796853
File /usr/local/Cellar/python@3.9/3.9.7/Frameworks/Python.framework/Versions/3.9/lib/python3.9/email/message.py first seen with mtime 1630351153.0
File /usr/local/lib/python3.9/site-packages/django/db/backends/base/introspection.py first seen with mtime 1614303884.214762
File /usr/local/Cellar/python@3.9/3.9.7/Frameworks/Python.framework/Versions/3.9/lib/python3.9/encodings/utf_8.py first seen with mtime 1630351153.0
File /usr/local/Cellar/python@3.9/3.9.7/Frameworks/Python.framework/Versions/3.9/lib/python3.9/email/generator.py first seen with mtime 1630351153.0
File /usr/local/lib/python3.9/site-packages/sqlparse/filters/tokens.py first seen with mtime 1614303882.5489485
File /usr/local/Cellar/python@3.9/3.9.7/Frameworks/Python.framework/Versions/3.9/lib/python3.9/asyncio/queues.py first seen with mtime 1630351153.0
File /usr/local/Cellar/python@3.9/3.9.7/Frameworks/Python.framework/Versions/3.9/lib/python3.9/_collections_abc.py first seen with mtime 1630351153.0
File /usr/local/lib/python3.9/site-packages/django/db/migrations/operations/__init__.py first seen with mtime 1614303884.2404456
File /usr/local/Cellar/python@3.9/3.9.7/Frameworks/Python.framework/Versions/3.9/lib/python3.9/argparse.py first seen with mtime 1630351153.0
File /usr/local/lib/python3.9/site-packages/django/template/defaultfilters.py first seen with mtime 1614303884.296042
File /usr/local/lib/python3.9/site-packages/django/contrib/messages/constants.py first seen with mtime 1614303883.8373117
File /usr/local/lib/python3.9/site-packages/django/views/generic/__init__.py first seen with mtime 1614303884.3471918
File /usr/local/Cellar/python@3.9/3.9.7/Frameworks/Python.framework/Versions/3.9/lib/python3.9/urllib/request.py first seen with mtime 1630351153.0
File /usr/local/lib/python3.9/site-packages/django/core/cache/__init__.py first seen with mtime 1614303884.176635
File /usr/local/Cellar/python@3.9/3.9.7/Frameworks/Python.framework/Versions/3.9/lib/python3.9/io.py first seen with mtime 1630351153.0
File /usr/local/lib/python3.9/site-packages/django/contrib/sessions/models.py first seen with mtime 1614303883.9885604
File /usr/local/Cellar/python@3.9/3.9.7/Frameworks/Python.framework/Versions/3.9/lib/python3.9/lib-dynload/_random.cpython-39-darwin.so first seen with mtime 1632445489.8969262
File /usr/local/Cellar/python@3.9/3.9.7/Frameworks/Python.framework/Versions/3.9/lib/python3.9/lib-dynload/_scproxy.cpython-39-darwin.so first seen with mtime 1632445489.8976312
File /usr/local/lib/python3.9/site-packages/django/core/management/__init__.py first seen with mtime 1614303884.1950238
File /usr/local/lib/python3.9/site-packages/django/db/models/utils.py first seen with mtime 1614303884.2507474
File /usr/local/lib/python3.9/site-packages/django/core/management/commands/runserver.py first seen with mtime 1614303884.203206
File /usr/local/Cellar/python@3.9/3.9.7/Frameworks/Python.framework/Versions/3.9/lib/python3.9/email/mime/text.py first seen with mtime 1630351153.0
File /usr/local/lib/python3.9/site-packages/django/core/files/locks.py first seen with mtime 1614303884.1860325
File /usr/local/lib/python3.9/site-packages/django/db/backends/signals.py first seen with mtime 1614303884.2122715
File /usr/local/lib/python3.9/site-packages/django/db/utils.py first seen with mtime 1614303884.211264
File /usr/local/lib/python3.9/site-packages/django/core/checks/messages.py first seen with mtime 1614303884.1812727
File /usr/local/lib/python3.9/site-packages/django/http/multipartparser.py first seen with mtime 1614303884.289154
File /usr/local/lib/python3.9/site-packages/django/core/checks/registry.py first seen with mtime 1614303884.1819217
File /usr/local/lib/python3.9/site-packages/django/utils/itercompat.py first seen with mtime 1614303884.3283155
File /usr/local/lib/python3.9/site-packages/django/utils/deconstruct.py first seen with mtime 1614303884.323881
File /usr/local/Cellar/python@3.9/3.9.7/Frameworks/Python.framework/Versions/3.9/lib/python3.9/asyncio/base_subprocess.py first seen with mtime 1630351153.0
File /usr/local/lib/python3.9/site-packages/django/utils/duration.py first seen with mtime 1614303884.3247948
File /usr/local/Cellar/python@3.9/3.9.7/Frameworks/Python.framework/Versions/3.9/lib/python3.9/importlib/abc.py first seen with mtime 1630351153.0
File /usr/local/Cellar/python@3.9/3.9.7/Frameworks/Python.framework/Versions/3.9/lib/python3.9/calendar.py first seen with mtime 1630351153.0
File /usr/local/lib/python3.9/site-packages/django/templatetags/i18n.py first seen with mtime 1614303884.306692
File /usr/local/lib/python3.9/site-packages/django/contrib/staticfiles/management/commands/runserver.py first seen with mtime 1614303884.1720428
File /usr/local/lib/python3.9/site-packages/django/conf/locale/__init__.py first seen with mtime 1614303882.9089549
File /usr/local/Cellar/python@3.9/3.9.7/Frameworks/Python.framework/Versions/3.9/lib/python3.9/bisect.py first seen with mtime 1630351153.0
File /usr/local/lib/python3.9/site-packages/django/db/models/sql/where.py first seen with mtime 1614303884.2608128
File /usr/local/lib/python3.9/site-packages/django/db/backends/sqlite3/client.py first seen with mtime 1614303884.2325563
File /usr/local/Cellar/python@3.9/3.9.7/Frameworks/Python.framework/Versions/3.9/lib/python3.9/copyreg.py first seen with mtime 1630351153.0
File /usr/local/lib/python3.9/site-packages/django/contrib/auth/base_user.py first seen with mtime 1614303883.3808212
File /usr/local/Cellar/python@3.9/3.9.7/Frameworks/Python.framework/Versions/3.9/lib/python3.9/encodings/aliases.py first seen with mtime 1630351153.0
File /usr/local/Cellar/python@3.9/3.9.7/Frameworks/Python.framework/Versions/3.9/lib/python3.9/lzma.py first seen with mtime 1630351153.0
File /usr/local/lib/python3.9/site-packages/django/db/models/sql/subqueries.py first seen with mtime 1614303884.260441
File /usr/local/lib/python3.9/site-packages/django/db/backends/sqlite3/schema.py first seen with mtime 1614303884.234498
File /usr/local/Cellar/python@3.9/3.9.7/Frameworks/Python.framework/Versions/3.9/lib/python3.9/asyncio/subprocess.py first seen with mtime 1630351153.0
File /usr/local/lib/python3.9/site-packages/pytz/tzfile.py first seen with mtime 1614303882.6002617
File /usr/local/lib/python3.9/site-packages/pytz/__init__.py first seen with mtime 1614303882.598887
File /usr/local/Cellar/python@3.9/3.9.7/Frameworks/Python.framework/Versions/3.9/lib/python3.9/json/decoder.py first seen with mtime 1630351153.0
File /usr/local/Cellar/python@3.9/3.9.7/Frameworks/Python.framework/Versions/3.9/lib/python3.9/stat.py first seen with mtime 1630351153.0
File /usr/local/lib/python3.9/site-packages/pytz/tzinfo.py first seen with mtime 1614303882.6007373
File /usr/local/lib/python3.9/site-packages/django/db/models/constraints.py first seen with mtime 1614303884.2459958
File /usr/local/lib/python3.9/site-packages/django/core/serializers/__init__.py first seen with mtime 1614303884.2075415
File /usr/local/Cellar/python@3.9/3.9.7/Frameworks/Python.framework/Versions/3.9/lib/python3.9/asyncio/base_tasks.py first seen with mtime 1630351153.0
File /usr/local/lib/python3.9/site-packages/django/utils/timezone.py first seen with mtime 1614303884.3323057
File /usr/local/lib/python3.9/site-packages/django/core/files/__init__.py first seen with mtime 1614303884.185071
File /usr/local/lib/python3.9/site-packages/sqlparse/__init__.py first seen with mtime 1614303882.5419743
File /usr/local/lib/python3.9/site-packages/django/utils/inspect.py first seen with mtime 1614303884.3277218
File /usr/local/lib/python3.9/site-packages/django/contrib/admin/options.py first seen with mtime 1614303883.0663776
File /usr/local/Cellar/python@3.9/3.9.7/Frameworks/Python.framework/Versions/3.9/lib/python3.9/logging/handlers.py first seen with mtime 1630351153.0
File /usr/local/Cellar/python@3.9/3.9.7/Frameworks/Python.framework/Versions/3.9/lib/python3.9/asyncio/protocols.py first seen with mtime 1630351153.0
File /usr/local/Cellar/python@3.9/3.9.7/Frameworks/Python.framework/Versions/3.9/lib/python3.9/asyncio/events.py first seen with mtime 1630351153.0
File /usr/local/Cellar/python@3.9/3.9.7/Frameworks/Python.framework/Versions/3.9/lib/python3.9/ast.py first seen with mtime 1630351153.0
File /usr/local/Cellar/python@3.9/3.9.7/Frameworks/Python.framework/Versions/3.9/lib/python3.9/wsgiref/util.py first seen with mtime 1630351153.0
File /usr/local/lib/python3.9/site-packages/django/conf/global_settings.py first seen with mtime 1614303882.9056125
File /usr/local/Cellar/python@3.9/3.9.7/Frameworks/Python.framework/Versions/3.9/lib/python3.9/_compression.py first seen with mtime 1630351153.0
File /usr/local/lib/python3.9/site-packages/django/urls/converters.py first seen with mtime 1614303884.3163714
File /usr/local/lib/python3.9/site-packages/django/forms/widgets.py first seen with mtime 1614303884.2665424
File /usr/local/lib/python3.9/site-packages/asgiref/__init__.py first seen with mtime 1614303882.845576
File /usr/local/lib/python3.9/site-packages/django/db/backends/__init__.py first seen with mtime 1614303884.2116117
File /usr/local/Cellar/python@3.9/3.9.7/Frameworks/Python.framework/Versions/3.9/lib/python3.9/lib-dynload/_sha512.cpython-39-darwin.so first seen with mtime 1632445489.9005408
File /usr/local/Cellar/python@3.9/3.9.7/Frameworks/Python.framework/Versions/3.9/lib/python3.9/mimetypes.py first seen with mtime 1632445489.951003
File /usr/local/Cellar/python@3.9/3.9.7/Frameworks/Python.framework/Versions/3.9/lib/python3.9/html/entities.py first seen with mtime 1630351153.0
File /usr/local/Cellar/python@3.9/3.9.7/Frameworks/Python.framework/Versions/3.9/lib/python3.9/asyncio/threads.py first seen with mtime 1630351153.0
File /usr/local/lib/python3.9/site-packages/django/template/utils.py first seen with mtime 1614303884.2995977
File /usr/local/Cellar/python@3.9/3.9.7/Frameworks/Python.framework/Versions/3.9/lib/python3.9/distutils/version.py first seen with mtime 1630351153.0
File /usr/local/Cellar/python@3.9/3.9.7/Frameworks/Python.framework/Versions/3.9/lib/python3.9/socketserver.py first seen with mtime 1630351153.0
File /usr/local/Cellar/python@3.9/3.9.7/Frameworks/Python.framework/Versions/3.9/lib/python3.9/sre_compile.py first seen with mtime 1630351153.0
File /Users/juliansuarez/Desktop/test_django/proyecto/todo/admin.py first seen with mtime 1653573047.7568955
File /usr/local/lib/python3.9/site-packages/django/contrib/staticfiles/views.py first seen with mtime 1614303884.1704953
File /usr/local/Cellar/python@3.9/3.9.7/Frameworks/Python.framework/Versions/3.9/lib/python3.9/json/__init__.py first seen with mtime 1630351153.0
File /usr/local/lib/python3.9/site-packages/django/utils/_os.py first seen with mtime 1614303884.3186982
File /usr/local/Cellar/python@3.9/3.9.7/Frameworks/Python.framework/Versions/3.9/lib/python3.9/lib-dynload/_socket.cpython-39-darwin.so first seen with mtime 1632445489.9015472
File /usr/local/lib/python3.9/site-packages/django/core/cache/backends/__init__.py first seen with mtime 1614303884.1772158
File /usr/local/lib/python3.9/site-packages/django/db/migrations/__init__.py first seen with mtime 1614303884.2348804
File /usr/local/Cellar/python@3.9/3.9.7/Frameworks/Python.framework/Versions/3.9/lib/python3.9/ssl.py first seen with mtime 1630351153.0
File /usr/local/lib/python3.9/site-packages/django/db/models/query.py first seen with mtime 1614303884.2495272
File /usr/local/lib/python3.9/site-packages/django/db/backends/sqlite3/features.py first seen with mtime 1614303884.233345
File /usr/local/lib/python3.9/site-packages/django/contrib/sites/shortcuts.py first seen with mtime 1614303884.0824258
File /usr/local/lib/python3.9/site-packages/django/urls/base.py first seen with mtime 1614303884.315559
File /usr/local/lib/python3.9/site-packages/django/contrib/admin/exceptions.py first seen with mtime 1614303883.0638864
File /usr/local/Cellar/python@3.9/3.9.7/Frameworks/Python.framework/Versions/3.9/lib/python3.9/email/parser.py first seen with mtime 1630351153.0
File /usr/local/lib/python3.9/site-packages/sqlparse/formatter.py first seen with mtime 1614303882.5436451
File /usr/local/lib/python3.9/site-packages/django/db/migrations/operations/models.py first seen with mtime 1614303884.2418973
File /usr/local/lib/python3.9/site-packages/django/db/models/base.py first seen with mtime 1614303884.2452838
File /usr/local/lib/python3.9/site-packages/django/views/debug.py first seen with mtime 1614303884.337235
File /usr/local/Cellar/python@3.9/3.9.7/Frameworks/Python.framework/Versions/3.9/lib/python3.9/quopri.py first seen with mtime 1630351153.0
File /usr/local/Cellar/python@3.9/3.9.7/Frameworks/Python.framework/Versions/3.9/lib/python3.9/asyncio/staggered.py first seen with mtime 1630351153.0
File /usr/local/lib/python3.9/site-packages/django/db/transaction.py first seen with mtime 1614303884.2109306
File /usr/local/lib/python3.9/site-packages/django/core/checks/async_checks.py first seen with mtime 1614303884.1800494
File /usr/local/Cellar/python@3.9/3.9.7/Frameworks/Python.framework/Versions/3.9/lib/python3.9/_markupbase.py first seen with mtime 1630351153.0
File /usr/local/lib/python3.9/site-packages/django/views/generic/detail.py first seen with mtime 1614303884.3510234
File /usr/local/lib/python3.9/site-packages/django/utils/deprecation.py first seen with mtime 1614303884.3244967
File /usr/local/lib/python3.9/site-packages/django/contrib/messages/api.py first seen with mtime 1614303883.8367956
File /usr/local/Cellar/python@3.9/3.9.7/Frameworks/Python.framework/Versions/3.9/lib/python3.9/pickle.py first seen with mtime 1630351153.0
File /usr/local/lib/python3.9/site-packages/django/db/backends/ddl_references.py first seen with mtime 1614303884.211958
File /usr/local/Cellar/python@3.9/3.9.7/Frameworks/Python.framework/Versions/3.9/lib/python3.9/email/_header_value_parser.py first seen with mtime 1630351153.0
File /usr/local/Cellar/python@3.9/3.9.7/Frameworks/Python.framework/Versions/3.9/lib/python3.9/lib-dynload/_bisect.cpython-39-darwin.so first seen with mtime 1632445489.8616977
File /usr/local/lib/python3.9/site-packages/django/contrib/auth/tokens.py first seen with mtime 1614303883.3845234
File /usr/local/lib/python3.9/site-packages/django/db/models/constants.py first seen with mtime 1614303884.2456584
File /usr/local/lib/python3.9/site-packages/django/db/models/fields/json.py first seen with mtime 1614303884.2523081
File /usr/local/Cellar/python@3.9/3.9.7/Frameworks/Python.framework/Versions/3.9/lib/python3.9/asyncio/streams.py first seen with mtime 1630351153.0
File /usr/local/Cellar/python@3.9/3.9.7/Frameworks/Python.framework/Versions/3.9/lib/python3.9/getpass.py first seen with mtime 1630351153.0
File /usr/local/Cellar/python@3.9/3.9.7/Frameworks/Python.framework/Versions/3.9/lib/python3.9/hmac.py first seen with mtime 1630351153.0
File /usr/local/lib/python3.9/site-packages/django/contrib/auth/models.py first seen with mtime 1614303883.3837106
File /usr/local/Cellar/python@3.9/3.9.7/Frameworks/Python.framework/Versions/3.9/lib/python3.9/contextvars.py first seen with mtime 1630351153.0
File /usr/local/Cellar/python@3.9/3.9.7/Frameworks/Python.framework/Versions/3.9/lib/python3.9/asyncio/selector_events.py first seen with mtime 1630351153.0
File /usr/local/lib/python3.9/site-packages/django/db/models/enums.py first seen with mtime 1614303884.2467363
File /usr/local/lib/python3.9/site-packages/django/db/models/functions/window.py first seen with mtime 1614303884.2572396
File /usr/local/Cellar/python@3.9/3.9.7/Frameworks/Python.framework/Versions/3.9/lib/python3.9/lib-dynload/_hashlib.cpython-39-darwin.so first seen with mtime 1632445489.883645
File /usr/local/lib/python3.9/site-packages/django/core/signals.py first seen with mtime 1614303884.1751995
File /usr/local/lib/python3.9/site-packages/django/middleware/csrf.py first seen with mtime 1614303884.2917378
File /usr/local/Cellar/python@3.9/3.9.7/Frameworks/Python.framework/Versions/3.9/lib/python3.9/email/_parseaddr.py first seen with mtime 1630351153.0
File /usr/local/Cellar/python@3.9/3.9.7/Frameworks/Python.framework/Versions/3.9/lib/python3.9/pprint.py first seen with mtime 1630351153.0
File /usr/local/Cellar/python@3.9/3.9.7/Frameworks/Python.framework/Versions/3.9/lib/python3.9/lib-dynload/_decimal.cpython-39-darwin.so first seen with mtime 1632445489.8781643
File /usr/local/lib/python3.9/site-packages/django/db/backends/base/validation.py first seen with mtime 1614303884.216102
File /usr/local/lib/python3.9/site-packages/django/contrib/staticfiles/utils.py first seen with mtime 1614303884.170195
File /usr/local/lib/python3.9/site-packages/django/db/models/fields/related_lookups.py first seen with mtime 1614303884.254481
File /usr/local/lib/python3.9/site-packages/django/db/models/aggregates.py first seen with mtime 1614303884.244654
File /usr/local/lib/python3.9/site-packages/django/urls/conf.py first seen with mtime 1614303884.3160183
File /usr/local/lib/python3.9/site-packages/sqlparse/engine/filter_stack.py first seen with mtime 1614303882.5460134
File /usr/local/lib/python3.9/site-packages/django/db/migrations/state.py first seen with mtime 1614303884.2394068
File /usr/local/Cellar/python@3.9/3.9.7/Frameworks/Python.framework/Versions/3.9/lib/python3.9/json/scanner.py first seen with mtime 1630351153.0
File /usr/local/lib/python3.9/site-packages/sqlparse/lexer.py first seen with mtime 1614303882.544345
File /usr/local/lib/python3.9/site-packages/sqlparse/filters/aligned_indent.py first seen with mtime 1614303882.5473835
File /usr/local/lib/python3.9/site-packages/django/contrib/messages/__init__.py first seen with mtime 1614303883.8365278
File /usr/local/lib/python3.9/site-packages/django/core/checks/security/csrf.py first seen with mtime 1614303884.184348
File /usr/local/Cellar/python@3.9/3.9.7/Frameworks/Python.framework/Versions/3.9/lib/python3.9/subprocess.py first seen with mtime 1630351153.0
File /usr/local/lib/python3.9/site-packages/django/contrib/contenttypes/fields.py first seen with mtime 1614303883.473427
File /usr/local/lib/python3.9/site-packages/django/utils/numberformat.py first seen with mtime 1614303884.3301177
File /usr/local/lib/python3.9/site-packages/django/contrib/admin/templatetags/admin_urls.py first seen with mtime 1614303883.2977767
File /usr/local/lib/python3.9/site-packages/django/contrib/admin/templatetags/admin_list.py first seen with mtime 1614303883.2971373
File /usr/local/lib/python3.9/site-packages/django/db/backends/base/creation.py first seen with mtime 1614303884.2140062
File /usr/local/lib/python3.9/site-packages/django/db/backends/sqlite3/operations.py first seen with mtime 1614303884.234086
File /usr/local/Cellar/python@3.9/3.9.7/Frameworks/Python.framework/Versions/3.9/lib/python3.9/email/header.py first seen with mtime 1630351153.0
File /usr/local/Cellar/python@3.9/3.9.7/Frameworks/Python.framework/Versions/3.9/lib/python3.9/socket.py first seen with mtime 1630351153.0
File /usr/local/lib/python3.9/site-packages/django/http/cookie.py first seen with mtime 1614303884.2887485
File /usr/local/Cellar/python@3.9/3.9.7/Frameworks/Python.framework/Versions/3.9/lib/python3.9/email/_policybase.py first seen with mtime 1630351153.0
File /usr/local/Cellar/python@3.9/3.9.7/Frameworks/Python.framework/Versions/3.9/lib/python3.9/sqlite3/__init__.py first seen with mtime 1630351153.0
File /usr/local/lib/python3.9/site-packages/django/db/backends/base/__init__.py first seen with mtime 1614303884.2129135
File /usr/local/Cellar/python@3.9/3.9.7/Frameworks/Python.framework/Versions/3.9/lib/python3.9/signal.py first seen with mtime 1630351153.0
File /usr/local/Cellar/python@3.9/3.9.7/Frameworks/Python.framework/Versions/3.9/lib/python3.9/wsgiref/handlers.py first seen with mtime 1630351153.0
File /usr/local/Cellar/python@3.9/3.9.7/Frameworks/Python.framework/Versions/3.9/lib/python3.9/difflib.py first seen with mtime 1630351153.0
File /usr/local/lib/python3.9/site-packages/django/forms/formsets.py first seen with mtime 1614303884.2648296
File /usr/local/lib/python3.9/site-packages/django/core/checks/security/sessions.py first seen with mtime 1614303884.1846817
File /usr/local/Cellar/python@3.9/3.9.7/Frameworks/Python.framework/Versions/3.9/lib/python3.9/dis.py first seen with mtime 1630351153.0
File /usr/local/lib/python3.9/site-packages/django/utils/autoreload.py first seen with mtime 1614303884.3201945
File /usr/local/lib/python3.9/site-packages/django/utils/dates.py first seen with mtime 1614303884.3232596
File /usr/local/lib/python3.9/site-packages/django/core/cache/backends/base.py first seen with mtime 1614303884.1776884
File /usr/local/lib/python3.9/site-packages/django/core/files/images.py first seen with mtime 1614303884.1857128
File /usr/local/Cellar/python@3.9/3.9.7/Frameworks/Python.framework/Versions/3.9/lib/python3.9/lib-dynload/_contextvars.cpython-39-darwin.so first seen with mtime 1632445489.8686516
File /usr/local/lib/python3.9/site-packages/django/template/engine.py first seen with mtime 1614303884.297159
File /usr/local/Cellar/python@3.9/3.9.7/Frameworks/Python.framework/Versions/3.9/lib/python3.9/asyncio/runners.py first seen with mtime 1630351153.0
File /usr/local/lib/python3.9/site-packages/django/template/loader.py first seen with mtime 1614303884.2981923
File /usr/local/Cellar/python@3.9/3.9.7/Frameworks/Python.framework/Versions/3.9/lib/python3.9/email/utils.py first seen with mtime 1630351153.0
File /usr/local/lib/python3.9/site-packages/django/contrib/admin/templatetags/admin_modify.py first seen with mtime 1614303883.2974627
File /Users/juliansuarez/Desktop/test_django/proyecto/todo/urls.py first seen with mtime 1653423641.1884286
File /usr/local/Cellar/python@3.9/3.9.7/Frameworks/Python.framework/Versions/3.9/lib/python3.9/email/mime/multipart.py first seen with mtime 1630351153.0
File /usr/local/lib/python3.9/site-packages/django/core/handlers/wsgi.py first seen with mtime 1614303884.190974
File /usr/local/Cellar/python@3.9/3.9.7/Frameworks/Python.framework/Versions/3.9/lib/python3.9/email/base64mime.py first seen with mtime 1630351153.0
File /usr/local/lib/python3.9/site-packages/django/core/__init__.py first seen with mtime 1614303884.173811
File /usr/local/Cellar/python@3.9/3.9.7/Frameworks/Python.framework/Versions/3.9/lib/python3.9/string.py first seen with mtime 1630351153.0
File /usr/local/Cellar/python@3.9/3.9.7/Frameworks/Python.framework/Versions/3.9/lib/python3.9/asyncio/trsock.py first seen with mtime 1630351153.0
File /usr/local/Cellar/python@3.9/3.9.7/Frameworks/Python.framework/Versions/3.9/lib/python3.9/hashlib.py first seen with mtime 1630351153.0
File /usr/local/lib/python3.9/site-packages/django/conf/__init__.py first seen with mtime 1614303882.9050016
File /usr/local/lib/python3.9/site-packages/django/core/signing.py first seen with mtime 1614303884.1755297
File /usr/local/lib/python3.9/site-packages/django/contrib/admin/decorators.py first seen with mtime 1614303883.063406
File /usr/local/lib/python3.9/site-packages/django/urls/resolvers.py first seen with mtime 1614303884.3172548
File /usr/local/Cellar/python@3.9/3.9.7/Frameworks/Python.framework/Versions/3.9/lib/python3.9/codecs.py first seen with mtime 1630351153.0
File /usr/local/lib/python3.9/site-packages/django/template/loader_tags.py first seen with mtime 1614303884.2985528
File /usr/local/lib/python3.9/site-packages/django/contrib/admin/sites.py first seen with mtime 1614303883.066746
File /usr/local/lib/python3.9/site-packages/django/contrib/auth/password_validation.py first seen with mtime 1614303883.3840017
File /usr/local/lib/python3.9/site-packages/django/db/models/manager.py first seen with mtime 1614303884.2484207
File /usr/local/lib/python3.9/site-packages/django/db/models/fields/related.py first seen with mtime 1614303884.2535694
File /usr/local/lib/python3.9/site-packages/django/db/backends/sqlite3/introspection.py first seen with mtime 1614303884.2337213
File /usr/local/lib/python3.9/site-packages/django/contrib/auth/forms.py first seen with mtime 1614303883.3825145
File /usr/local/Cellar/python@3.9/3.9.7/Frameworks/Python.framework/Versions/3.9/lib/python3.9/lib-dynload/_curses.cpython-39-darwin.so first seen with mtime 1632445489.8725426
File /usr/local/Cellar/python@3.9/3.9.7/Frameworks/Python.framework/Versions/3.9/lib/python3.9/email/iterators.py first seen with mtime 1630351153.0
File /usr/local/lib/python3.9/site-packages/django/contrib/auth/management/__init__.py first seen with mtime 1614303883.465768
File /usr/local/lib/python3.9/site-packages/django/db/migrations/operations/utils.py first seen with mtime 1614303884.2435684
File /usr/local/Cellar/python@3.9/3.9.7/Frameworks/Python.framework/Versions/3.9/lib/python3.9/email/mime/base.py first seen with mtime 1630351153.0
File /usr/local/Cellar/python@3.9/3.9.7/Frameworks/Python.framework/Versions/3.9/lib/python3.9/lib-dynload/_posixsubprocess.cpython-39-darwin.so first seen with mtime 1632445489.895429
File /usr/local/lib/python3.9/site-packages/django/core/cache/utils.py first seen with mtime 1614303884.1769388
File /usr/local/lib/python3.9/site-packages/django/__init__.py first seen with mtime 1614303882.897045
File /Users/juliansuarez/Desktop/test_django/proyecto/proyecto/settings.py first seen with mtime 1654369835.1885598
File /usr/local/lib/python3.9/site-packages/django/utils/decorators.py first seen with mtime 1614303884.324191
File /usr/local/Cellar/python@3.9/3.9.7/Frameworks/Python.framework/Versions/3.9/lib/python3.9/html/__init__.py first seen with mtime 1630351153.0
File /usr/local/lib/python3.9/site-packages/django/utils/__init__.py first seen with mtime 1614303884.3180614
File /usr/local/lib/python3.9/site-packages/django/urls/utils.py first seen with mtime 1614303884.3176222
File /usr/local/Cellar/python@3.9/3.9.7/Frameworks/Python.framework/Versions/3.9/lib/python3.9/tokenize.py first seen with mtime 1630351153.0
File /usr/local/Cellar/python@3.9/3.9.7/Frameworks/Python.framework/Versions/3.9/lib/python3.9/gettext.py first seen with mtime 1630351153.0
File /usr/local/lib/python3.9/site-packages/sqlparse/engine/grouping.py first seen with mtime 1614303882.5463724
File /usr/local/Cellar/python@3.9/3.9.7/Frameworks/Python.framework/Versions/3.9/lib/python3.9/queue.py first seen with mtime 1630351153.0
File /usr/local/lib/python3.9/site-packages/django/utils/baseconv.py first seen with mtime 1614303884.320531
File /usr/local/lib/python3.9/site-packages/django/views/decorators/csrf.py first seen with mtime 1614303884.340828
File /usr/local/Cellar/python@3.9/3.9.7/Frameworks/Python.framework/Versions/3.9/lib/python3.9/email/mime/nonmultipart.py first seen with mtime 1630351153.0
File /usr/local/lib/python3.9/site-packages/django/utils/hashable.py first seen with mtime 1614303884.3265738
File /usr/local/Cellar/python@3.9/3.9.7/Frameworks/Python.framework/Versions/3.9/lib/python3.9/ipaddress.py first seen with mtime 1630351153.0
File /usr/local/lib/python3.9/site-packages/django/contrib/sites/__init__.py first seen with mtime 1614303884.0782032
File /usr/local/Cellar/python@3.9/3.9.7/Frameworks/Python.framework/Versions/3.9/lib/python3.9/urllib/response.py first seen with mtime 1630351153.0
File /usr/local/lib/python3.9/site-packages/django/template/exceptions.py first seen with mtime 1614303884.2975008
File /usr/local/lib/python3.9/site-packages/django/forms/__init__.py first seen with mtime 1614303884.2627196
File /usr/local/lib/python3.9/site-packages/django/contrib/admin/widgets.py first seen with mtime 1614303883.0677
File /usr/local/Cellar/python@3.9/3.9.7/Frameworks/Python.framework/Versions/3.9/lib/python3.9/json/encoder.py first seen with mtime 1630351153.0
File /usr/local/lib/python3.9/site-packages/django/core/handlers/base.py first seen with mtime 1614303884.189992
File /usr/local/lib/python3.9/site-packages/django/core/mail/message.py first seen with mtime 1614303884.1917706
File /usr/local/lib/python3.9/site-packages/django/db/backends/base/base.py first seen with mtime 1614303884.2133224
File /usr/local/Cellar/python@3.9/3.9.7/Frameworks/Python.framework/Versions/3.9/lib/python3.9/importlib/__init__.py first seen with mtime 1630351153.0
File /usr/local/Cellar/python@3.9/3.9.7/Frameworks/Python.framework/Versions/3.9/lib/python3.9/email/quoprimime.py first seen with mtime 1630351153.0
File /usr/local/lib/python3.9/site-packages/django/core/management/color.py first seen with mtime 1614303884.1958058
File /usr/local/Cellar/python@3.9/3.9.7/Frameworks/Python.framework/Versions/3.9/lib/python3.9/_bootlocale.py first seen with mtime 1630351153.0
File /usr/local/lib/python3.9/site-packages/django/utils/log.py first seen with mtime 1614303884.3291752
File /usr/local/lib/python3.9/site-packages/django/template/backends/__init__.py first seen with mtime 1614303884.3000216
File /usr/local/Cellar/python@3.9/3.9.7/Frameworks/Python.framework/Versions/3.9/lib/python3.9/types.py first seen with mtime 1630351153.0
File /usr/local/lib/python3.9/site-packages/django/utils/regex_helper.py first seen with mtime 1614303884.3304648
File /usr/local/Cellar/python@3.9/3.9.7/Frameworks/Python.framework/Versions/3.9/lib/python3.9/asyncio/constants.py first seen with mtime 1630351153.0
File /usr/local/Cellar/python@3.9/3.9.7/Frameworks/Python.framework/Versions/3.9/lib/python3.9/cgi.py first seen with mtime 1632445489.9410057
File /usr/local/lib/python3.9/site-packages/django/templatetags/tz.py first seen with mtime 1614303884.3083277
File /usr/local/Cellar/python@3.9/3.9.7/Frameworks/Python.framework/Versions/3.9/lib/python3.9/email/headerregistry.py first seen with mtime 1630351153.0
File /usr/local/lib/python3.9/site-packages/sqlparse/engine/__init__.py first seen with mtime 1614303882.545714
File /usr/local/lib/python3.9/site-packages/django/contrib/admin/templatetags/__init__.py first seen with mtime 1614303883.2967534
File /usr/local/Cellar/python@3.9/3.9.7/Frameworks/Python.framework/Versions/3.9/lib/python3.9/asyncio/format_helpers.py first seen with mtime 1630351153.0
File /usr/local/Cellar/python@3.9/3.9.7/Frameworks/Python.framework/Versions/3.9/lib/python3.9/tempfile.py first seen with mtime 1630351153.0
File /usr/local/Cellar/python@3.9/3.9.7/Frameworks/Python.framework/Versions/3.9/lib/python3.9/_compat_pickle.py first seen with mtime 1630351153.0
File /usr/local/lib/python3.9/site-packages/django/apps/registry.py first seen with mtime 1614303882.9041555
File /usr/local/lib/python3.9/site-packages/django/contrib/admin/checks.py first seen with mtime 1614303883.0628116
File /usr/local/lib/python3.9/site-packages/django/contrib/admin/views/main.py first seen with mtime 1614303883.299857
File /usr/local/lib/python3.9/site-packages/django/core/handlers/asgi.py first seen with mtime 1614303884.1893559
File /usr/local/lib/python3.9/site-packages/sqlparse/filters/output.py first seen with mtime 1614303882.548014
File /usr/local/lib/python3.9/site-packages/django/db/models/fields/files.py first seen with mtime 1614303884.2519054
File /usr/local/lib/python3.9/site-packages/django/core/servers/__init__.py first seen with mtime 1614303884.2098567
File /usr/local/lib/python3.9/site-packages/django/core/paginator.py first seen with mtime 1614303884.1748824
File /usr/local/lib/python3.9/site-packages/django/contrib/contenttypes/__init__.py first seen with mtime 1614303883.4718044
File /usr/local/Cellar/python@3.9/3.9.7/Frameworks/Python.framework/Versions/3.9/lib/python3.9/opcode.py first seen with mtime 1630351153.0
File /usr/local/Cellar/python@3.9/3.9.7/Frameworks/Python.framework/Versions/3.9/lib/python3.9/concurrent/__init__.py first seen with mtime 1630351153.0
File /usr/local/Cellar/python@3.9/3.9.7/Frameworks/Python.framework/Versions/3.9/lib/python3.9/warnings.py first seen with mtime 1630351153.0
File /usr/local/lib/python3.9/site-packages/django/db/models/functions/text.py first seen with mtime 1614303884.2568972
File /usr/local/lib/python3.9/site-packages/django/contrib/admin/helpers.py first seen with mtime 1614303883.0654147
File /usr/local/Cellar/python@3.9/3.9.7/Frameworks/Python.framework/Versions/3.9/lib/python3.9/selectors.py first seen with mtime 1630351153.0
File /usr/local/lib/python3.9/site-packages/django/contrib/auth/validators.py first seen with mtime 1614303883.3850474
File /usr/local/lib/python3.9/site-packages/django/db/models/sql/query.py first seen with mtime 1614303884.2599761
File /usr/local/lib/python3.9/site-packages/django/db/backends/utils.py first seen with mtime 1614303884.2126417
File /usr/local/lib/python3.9/site-packages/django/utils/ipv6.py first seen with mtime 1614303884.3280177
File /usr/local/lib/python3.9/site-packages/django/core/checks/__init__.py first seen with mtime 1614303884.1797376
File /usr/local/lib/python3.9/site-packages/sqlparse/cli.py first seen with mtime 1614303882.5426483
File /usr/local/lib/python3.9/site-packages/django/contrib/admin/templatetags/log.py first seen with mtime 1614303883.2985194
File /usr/local/lib/python3.9/site-packages/django/db/models/functions/math.py first seen with mtime 1614303884.256228
File /usr/local/lib/python3.9/site-packages/django/templatetags/__init__.py first seen with mtime 1614303884.3058965
File /usr/local/lib/python3.9/site-packages/django/contrib/staticfiles/handlers.py first seen with mtime 1614303884.1686833
File /usr/local/Cellar/python@3.9/3.9.7/Frameworks/Python.framework/Versions/3.9/lib/python3.9/platform.py first seen with mtime 1630351153.0
File /usr/local/lib/python3.9/site-packages/django/db/backends/base/client.py first seen with mtime 1614303884.2136478
File /usr/local/lib/python3.9/site-packages/django/core/checks/translation.py first seen with mtime 1614303884.1825275
File /usr/local/lib/python3.9/site-packages/django/utils/translation/trans_real.py first seen with mtime 1614303884.335737
File /usr/local/lib/python3.9/site-packages/django/contrib/messages/apps.py first seen with mtime 1614303883.8370502
File /usr/local/lib/python3.9/site-packages/django/db/migrations/operations/base.py first seen with mtime 1614303884.240775
File /usr/local/Cellar/python@3.9/3.9.7/Frameworks/Python.framework/Versions/3.9/lib/python3.9/asyncio/exceptions.py first seen with mtime 1630351153.0
File /usr/local/lib/python3.9/site-packages/django/views/generic/base.py first seen with mtime 1614303884.3486617
File /usr/local/Cellar/python@3.9/3.9.7/Frameworks/Python.framework/Versions/3.9/lib/python3.9/lib-dynload/_statistics.cpython-39-darwin.so first seen with mtime 1632445489.9068112
File /usr/local/Cellar/python@3.9/3.9.7/Frameworks/Python.framework/Versions/3.9/lib/python3.9/lib-dynload/_uuid.cpython-39-darwin.so first seen with mtime 1632445489.911828
File /usr/local/Cellar/python@3.9/3.9.7/Frameworks/Python.framework/Versions/3.9/lib/python3.9/datetime.py first seen with mtime 1630351153.0
File /usr/local/Cellar/python@3.9/3.9.7/Frameworks/Python.framework/Versions/3.9/lib/python3.9/wsgiref/headers.py first seen with mtime 1630351153.0
File /Users/juliansuarez/Desktop/test_django/proyecto/todo/models.py first seen with mtime 1653405063.9682724
File /usr/local/lib/python3.9/site-packages/django/core/management/base.py first seen with mtime 1614303884.1954277
File /usr/local/Cellar/python@3.9/3.9.7/Frameworks/Python.framework/Versions/3.9/lib/python3.9/copy.py first seen with mtime 1630351153.0
File /usr/local/lib/python3.9/site-packages/django/core/checks/caches.py first seen with mtime 1614303884.1805208
File /usr/local/lib/python3.9/site-packages/django/middleware/__init__.py first seen with mtime 1614303884.2903633
File /usr/local/lib/python3.9/site-packages/django/utils/cache.py first seen with mtime 1614303884.3210545
File /usr/local/lib/python3.9/site-packages/django/http/__init__.py first seen with mtime 1614303884.2884433
File /usr/local/lib/python3.9/site-packages/django/core/files/move.py first seen with mtime 1614303884.1864188
File /usr/local/lib/python3.9/site-packages/django/core/checks/templates.py first seen with mtime 1614303884.1822143
File /usr/local/lib/python3.9/site-packages/django/utils/functional.py first seen with mtime 1614303884.3262718
File /usr/local/Cellar/python@3.9/3.9.7/Frameworks/Python.framework/Versions/3.9/lib/python3.9/email/errors.py first seen with mtime 1630351153.0
File /usr/local/lib/python3.9/site-packages/django/utils/text.py first seen with mtime 1614303884.3315566
File /usr/local/lib/python3.9/site-packages/sqlparse/keywords.py first seen with mtime 1614303882.5440183
File /usr/local/Cellar/python@3.9/3.9.7/Frameworks/Python.framework/Versions/3.9/lib/python3.9/sre_parse.py first seen with mtime 1630351153.0
File /usr/local/lib/python3.9/site-packages/django/core/checks/security/__init__.py first seen with mtime 1614303884.1835515
File /usr/local/Cellar/python@3.9/3.9.7/Frameworks/Python.framework/Versions/3.9/lib/python3.9/reprlib.py first seen with mtime 1630351153.0
File /usr/local/lib/python3.9/site-packages/django/utils/translation/__init__.py first seen with mtime 1614303884.3340437
File /usr/local/Cellar/python@3.9/3.9.7/Frameworks/Python.framework/Versions/3.9/lib/python3.9/email/policy.py first seen with mtime 1630351153.0
File /usr/local/Cellar/python@3.9/3.9.7/Frameworks/Python.framework/Versions/3.9/lib/python3.9/inspect.py first seen with mtime 1630351153.0
File /usr/local/lib/python3.9/site-packages/django/contrib/admin/actions.py first seen with mtime 1614303883.062078
File /usr/local/lib/python3.9/site-packages/django/forms/models.py first seen with mtime 1614303884.2654035
File /usr/local/Cellar/python@3.9/3.9.7/Frameworks/Python.framework/Versions/3.9/lib/python3.9/locale.py first seen with mtime 1630351153.0
File /usr/local/lib/python3.9/site-packages/django/contrib/contenttypes/checks.py first seen with mtime 1614303883.4729939
File /usr/local/Cellar/python@3.9/3.9.7/Frameworks/Python.framework/Versions/3.9/lib/python3.9/lib-dynload/termios.cpython-39-darwin.so first seen with mtime 1632445489.9259522
File /Users/juliansuarez/Desktop/test_django/proyecto/manage.py first seen with mtime 1652969112.8225014
File /usr/local/Cellar/python@3.9/3.9.7/Frameworks/Python.framework/Versions/3.9/lib/python3.9/shutil.py first seen with mtime 1630351153.0
File /usr/local/Cellar/python@3.9/3.9.7/Frameworks/Python.framework/Versions/3.9/lib/python3.9/lib-dynload/math.cpython-39-darwin.so first seen with mtime 1632445489.918974
File /usr/local/lib/python3.9/site-packages/sqlparse/filters/reindent.py first seen with mtime 1614303882.5483432
File /usr/local/Cellar/python@3.9/3.9.7/Frameworks/Python.framework/Versions/3.9/lib/python3.9/html/parser.py first seen with mtime 1630351153.0
File /usr/local/Cellar/python@3.9/3.9.7/Frameworks/Python.framework/Versions/3.9/lib/python3.9/contextlib.py first seen with mtime 1630351153.0
File /usr/local/lib/python3.9/site-packages/django/utils/dateparse.py first seen with mtime 1614303884.3229167
File /usr/local/lib/python3.9/site-packages/django/contrib/admin/apps.py first seen with mtime 1614303883.0623953
File /usr/local/lib/python3.9/site-packages/django/db/models/options.py first seen with mtime 1614303884.2488785
File /usr/local/Cellar/python@3.9/3.9.7/Frameworks/Python.framework/Versions/3.9/lib/python3.9/asyncio/locks.py first seen with mtime 1630351153.0
File /usr/local/Cellar/python@3.9/3.9.7/Frameworks/Python.framework/Versions/3.9/lib/python3.9/distutils/__init__.py first seen with mtime 1630351153.0
File /usr/local/lib/python3.9/site-packages/django/core/files/uploadedfile.py first seen with mtime 1614303884.1876285
File /usr/local/lib/python3.9/site-packages/django/views/static.py first seen with mtime 1614303884.3383322
File /usr/local/lib/python3.9/site-packages/sqlparse/filters/others.py first seen with mtime 1614303882.5477033
File /usr/local/lib/python3.9/site-packages/django/core/serializers/base.py first seen with mtime 1614303884.207956
File /usr/local/lib/python3.9/site-packages/django/contrib/contenttypes/admin.py first seen with mtime 1614303883.4721618
File /usr/local/lib/python3.9/site-packages/pytz/lazy.py first seen with mtime 1614303882.5995317
File /usr/local/lib/python3.9/site-packages/django/template/library.py first seen with mtime 1614303884.2978666
File /usr/local/lib/python3.9/site-packages/django/core/files/base.py first seen with mtime 1614303884.1853945
File /usr/local/Cellar/python@3.9/3.9.7/Frameworks/Python.framework/Versions/3.9/lib/python3.9/lib-dynload/_queue.cpython-39-darwin.so first seen with mtime 1632445489.8962271
File /usr/local/lib/python3.9/site-packages/django/db/migrations/migration.py first seen with mtime 1614303884.2373767
File /usr/local/Cellar/python@3.9/3.9.7/Frameworks/Python.framework/Versions/3.9/lib/python3.9/lib-dynload/unicodedata.cpython-39-darwin.so first seen with mtime 1632445489.9341345
File /Users/juliansuarez/Desktop/test_django/proyecto/todo/views.py first seen with mtime 1653428128.1725595
File /usr/local/lib/python3.9/site-packages/sqlparse/tokens.py first seen with mtime 1614303882.5450463
File /usr/local/lib/python3.9/site-packages/django/contrib/sessions/base_session.py first seen with mtime 1614303883.987818
File /usr/local/Cellar/python@3.9/3.9.7/Frameworks/Python.framework/Versions/3.9/lib/python3.9/posixpath.py first seen with mtime 1630351153.0
File /usr/local/lib/python3.9/site-packages/django/db/backends/sqlite3/__init__.py first seen with mtime 1614303884.2316947
File /usr/local/lib/python3.9/site-packages/django/contrib/auth/hashers.py first seen with mtime 1614303883.3828537
File /usr/local/lib/python3.9/site-packages/sqlparse/filters/__init__.py first seen with mtime 1614303882.5470555
File /usr/local/lib/python3.9/site-packages/django/db/models/fields/reverse_related.py first seen with mtime 1614303884.254839
File /usr/local/Cellar/python@3.9/3.9.7/Frameworks/Python.framework/Versions/3.9/lib/python3.9/lib-dynload/_bz2.cpython-39-darwin.so first seen with mtime 1632445489.8632896
File /usr/local/lib/python3.9/site-packages/django/utils/encoding.py first seen with mtime 1614303884.3251257
File /usr/local/lib/python3.9/site-packages/django/utils/datetime_safe.py first seen with mtime 1614303884.3235786
File /usr/local/lib/python3.9/site-packages/django/db/models/fields/proxy.py first seen with mtime 1614303884.2529886
File /usr/local/lib/python3.9/site-packages/django/urls/exceptions.py first seen with mtime 1614303884.3166924
File /usr/local/Cellar/python@3.9/3.9.7/Frameworks/Python.framework/Versions/3.9/lib/python3.9/struct.py first seen with mtime 1630351153.0
File /usr/local/Cellar/python@3.9/3.9.7/Frameworks/Python.framework/Versions/3.9/lib/python3.9/dataclasses.py first seen with mtime 1630351153.0
File /Users/juliansuarez/Desktop/test_django/proyecto/todo/forms.py first seen with mtime 1653423680.2780504
File /usr/local/lib/python3.9/site-packages/django/templatetags/cache.py first seen with mtime 1614303884.3062882
File /usr/local/lib/python3.9/site-packages/django/db/models/functions/__init__.py first seen with mtime 1614303884.2552238
File /usr/local/lib/python3.9/site-packages/django/http/request.py first seen with mtime 1614303884.2896292
File /usr/local/lib/python3.9/site-packages/django/views/generic/list.py first seen with mtime 1614303884.3531117
File /usr/local/Cellar/python@3.9/3.9.7/Frameworks/Python.framework/Versions/3.9/lib/python3.9/asyncio/transports.py first seen with mtime 1630351153.0
File /usr/local/lib/python3.9/site-packages/django/core/servers/basehttp.py first seen with mtime 1614303884.2102175
File /usr/local/lib/python3.9/site-packages/django/db/models/expressions.py first seen with mtime 1614303884.2472787
File /usr/local/Cellar/python@3.9/3.9.7/Frameworks/Python.framework/Versions/3.9/lib/python3.9/asyncio/unix_events.py first seen with mtime 1630351153.0
File /usr/local/Cellar/python@3.9/3.9.7/Frameworks/Python.framework/Versions/3.9/lib/python3.9/re.py first seen with mtime 1630351153.0
File /usr/local/Cellar/python@3.9/3.9.7/Frameworks/Python.framework/Versions/3.9/lib/python3.9/threading.py first seen with mtime 1630351153.0
File /usr/local/lib/python3.9/site-packages/django/views/i18n.py first seen with mtime 1614303884.337979
File /usr/local/Cellar/python@3.9/3.9.7/Frameworks/Python.framework/Versions/3.9/lib/python3.9/asyncio/__init__.py first seen with mtime 1630351153.0
File /usr/local/lib/python3.9/site-packages/django/db/models/query_utils.py first seen with mtime 1614303884.2500317
File /usr/local/Cellar/python@3.9/3.9.7/Frameworks/Python.framework/Versions/3.9/lib/python3.9/sitecustomize.py first seen with mtime 1632445489.9544206
File /usr/local/lib/python3.9/site-packages/django/utils/topological_sort.py first seen with mtime 1614303884.3326387
File /usr/local/Cellar/python@3.9/3.9.7/Frameworks/Python.framework/Versions/3.9/lib/python3.9/base64.py first seen with mtime 1630351153.0
File /usr/local/lib/python3.9/site-packages/django/middleware/cache.py first seen with mtime 1614303884.2907112
File /usr/local/lib/python3.9/site-packages/django/contrib/admin/__init__.py first seen with mtime 1614303883.0616848
File /usr/local/Cellar/python@3.9/3.9.7/Frameworks/Python.framework/Versions/3.9/lib/python3.9/lib-dynload/_datetime.cpython-39-darwin.so first seen with mtime 1632445489.8741276
File /usr/local/lib/python3.9/site-packages/django/views/decorators/__init__.py first seen with mtime 1614303884.338628
File /usr/local/Cellar/python@3.9/3.9.7/Frameworks/Python.framework/Versions/3.9/lib/python3.9/lib-dynload/_opcode.cpython-39-darwin.so first seen with mtime 1632445489.8924906
File /usr/local/Cellar/python@3.9/3.9.7/Frameworks/Python.framework/Versions/3.9/lib/python3.9/pathlib.py first seen with mtime 1630351153.0
File /usr/local/lib/python3.9/site-packages/django/apps/config.py first seen with mtime 1614303882.90359
File /usr/local/lib/python3.9/site-packages/django/utils/termcolors.py first seen with mtime 1614303884.3310921
File /usr/local/lib/python3.9/site-packages/django/db/models/functions/mixins.py first seen with mtime 1614303884.2565618
File /usr/local/lib/python3.9/site-packages/django/contrib/contenttypes/apps.py first seen with mtime 1614303883.4725776
File /usr/local/Cellar/python@3.9/3.9.7/Frameworks/Python.framework/Versions/3.9/lib/python3.9/site.py first seen with mtime 1632445489.953798
File /usr/local/lib/python3.9/site-packages/django/contrib/auth/migrations/__init__.py first seen with mtime 1614303883.4704766
File /usr/local/lib/python3.9/site-packages/django/contrib/auth/migrations/0002_alter_permission_name_max_length.py first seen with mtime 1614303883.4672086
File /usr/local/lib/python3.9/site-packages/django/conf/urls/__init__.py first seen with mtime 1614303883.0594459
File /usr/local/lib/python3.9/site-packages/django/db/migrations/executor.py first seen with mtime 1614303884.2362642
File /usr/local/lib/python3.9/site-packages/django/contrib/auth/migrations/0005_alter_user_last_login_null.py first seen with mtime 1614303883.4680812
File /usr/local/lib/python3.9/site-packages/django/contrib/admin/migrations/0001_initial.py first seen with mtime 1614303883.2252731
File /usr/local/lib/python3.9/site-packages/django/contrib/sessions/migrations/0001_initial.py first seen with mtime 1614303884.0749605
File /usr/local/lib/python3.9/site-packages/django/contrib/auth/migrations/0007_alter_validators_add_error_messages.py first seen with mtime 1614303883.4686685
File /usr/local/lib/python3.9/site-packages/django/contrib/sessions/migrations/__init__.py first seen with mtime 1614303884.0752218
File /usr/local/lib/python3.9/site-packages/django/contrib/auth/backends.py first seen with mtime 1614303883.3805473
File /usr/local/lib/python3.9/site-packages/django/contrib/sessions/backends/base.py first seen with mtime 1614303883.9894898
File /usr/local/lib/python3.9/site-packages/django/db/migrations/graph.py first seen with mtime 1614303884.2366388
File /usr/local/lib/python3.9/site-packages/django/contrib/contenttypes/migrations/0002_remove_content_type_name.py first seen with mtime 1614303883.552155
File /usr/local/lib/python3.9/site-packages/django/contrib/admin/migrations/0003_logentry_add_action_flag_choices.py first seen with mtime 1614303883.225979
File /usr/local/lib/python3.9/site-packages/django/contrib/auth/migrations/0001_initial.py first seen with mtime 1614303883.466913
File /usr/local/lib/python3.9/site-packages/django/middleware/security.py first seen with mtime 1614303884.2930198
File /usr/local/lib/python3.9/site-packages/django/contrib/auth/migrations/0011_update_proxy_permissions.py first seen with mtime 1614303883.469949
File /usr/local/lib/python3.9/site-packages/django/contrib/auth/migrations/0009_alter_user_last_name_max_length.py first seen with mtime 1614303883.4693024
File /Users/juliansuarez/Desktop/test_django/proyecto/proyecto/wsgi.py first seen with mtime 1652969112.8249366
File /usr/local/Cellar/python@3.9/3.9.7/Frameworks/Python.framework/Versions/3.9/lib/python3.9/stringprep.py first seen with mtime 1630351153.0
File /usr/local/lib/python3.9/site-packages/django/contrib/sessions/backends/db.py first seen with mtime 1614303883.990329
File /usr/local/lib/python3.9/site-packages/django/contrib/messages/middleware.py first seen with mtime 1614303883.837846
File /usr/local/lib/python3.9/site-packages/django/contrib/auth/migrations/0010_alter_group_name_max_length.py first seen with mtime 1614303883.4696465
File /usr/local/lib/python3.9/site-packages/django/contrib/auth/migrations/0006_require_contenttypes_0002.py first seen with mtime 1614303883.4683824
File /usr/local/lib/python3.9/site-packages/django/db/models/sql/compiler.py first seen with mtime 1614303884.258203
File /usr/local/lib/python3.9/site-packages/django/contrib/contenttypes/migrations/__init__.py first seen with mtime 1614303883.5523763
File /usr/local/lib/python3.9/site-packages/django/contrib/auth/migrations/0008_alter_user_username_max_length.py first seen with mtime 1614303883.4689462
File /usr/local/Cellar/python@3.9/3.9.7/Frameworks/Python.framework/Versions/3.9/lib/python3.9/encodings/idna.py first seen with mtime 1630351153.0
File /usr/local/lib/python3.9/site-packages/django/contrib/auth/migrations/0012_alter_user_first_name_max_length.py first seen with mtime 1614303883.4702675
File /Users/juliansuarez/Desktop/test_django/proyecto/todo/migrations/0001_initial.py first seen with mtime 1652969875.4007587
File /Users/juliansuarez/Desktop/test_django/proyecto/todo/migrations/__init__.py first seen with mtime 1652969153.985099
File /usr/local/lib/python3.9/site-packages/django/contrib/sessions/exceptions.py first seen with mtime 1614303883.9880593
File /usr/local/lib/python3.9/site-packages/django/middleware/clickjacking.py first seen with mtime 1614303884.291006
File /usr/local/lib/python3.9/site-packages/django/contrib/sessions/backends/__init__.py first seen with mtime 1614303883.9891334
File /usr/local/lib/python3.9/site-packages/django/contrib/admin/migrations/__init__.py first seen with mtime 1614303883.2261984
File /usr/local/lib/python3.9/site-packages/django/views/defaults.py first seen with mtime 1614303884.3375988
File /usr/local/lib/python3.9/site-packages/django/contrib/sessions/middleware.py first seen with mtime 1614303883.988311
File /usr/local/lib/python3.9/site-packages/django/contrib/auth/migrations/0004_alter_user_username_opts.py first seen with mtime 1614303883.4677908
File /usr/local/lib/python3.9/site-packages/django/contrib/admin/migrations/0002_logentry_remove_auto_add.py first seen with mtime 1614303883.2256286
File /usr/local/lib/python3.9/site-packages/django/contrib/contenttypes/migrations/0001_initial.py first seen with mtime 1614303883.551845
File /usr/local/lib/python3.9/site-packages/django/db/migrations/recorder.py first seen with mtime 1614303884.2385945
File /usr/local/lib/python3.9/site-packages/django/middleware/common.py first seen with mtime 1614303884.2913756
File /usr/local/lib/python3.9/site-packages/django/db/migrations/loader.py first seen with mtime 1614303884.2370198
File /usr/local/lib/python3.9/site-packages/django/contrib/auth/migrations/0003_alter_user_email_max_length.py first seen with mtime 1614303883.467478
(0.002) SELECT "todo_tarea"."id", "todo_tarea"."tarea" FROM "todo_tarea"; args=()
"GET / HTTP/1.1" 200 3875
File /usr/local/lib/python3.9/site-packages/django/template/loaders/app_directories.py first seen with mtime 1614303884.3034585
File /usr/local/lib/python3.9/site-packages/django/template/context_processors.py first seen with mtime 1614303884.2954917
File /usr/local/lib/python3.9/site-packages/django/conf/locale/en/__init__.py first seen with mtime 1614303882.9362206
File /usr/local/lib/python3.9/site-packages/django/template/loaders/base.py first seen with mtime 1614303884.303825
File /usr/local/lib/python3.9/site-packages/django/contrib/sessions/serializers.py first seen with mtime 1614303883.9888048
File /usr/local/lib/python3.9/site-packages/django/contrib/auth/context_processors.py first seen with mtime 1614303883.38172
File /usr/local/lib/python3.9/site-packages/django/conf/locale/en/formats.py first seen with mtime 1614303882.9365635
File /usr/local/lib/python3.9/site-packages/django/contrib/messages/storage/base.py first seen with mtime 1614303883.8391073
File /usr/local/lib/python3.9/site-packages/django/template/loaders/filesystem.py first seen with mtime 1614303884.3047736
File /usr/local/lib/python3.9/site-packages/django/contrib/messages/storage/fallback.py first seen with mtime 1614303883.839771
File /usr/local/lib/python3.9/site-packages/django/contrib/messages/storage/cookie.py first seen with mtime 1614303883.8394423
File /usr/local/lib/python3.9/site-packages/django/contrib/messages/utils.py first seen with mtime 1614303883.8381467
File /usr/local/lib/python3.9/site-packages/django/template/loaders/__init__.py first seen with mtime 1614303884.3029804
File /usr/local/lib/python3.9/site-packages/django/contrib/messages/context_processors.py first seen with mtime 1614303883.837578
File /usr/local/lib/python3.9/site-packages/django/contrib/messages/storage/session.py first seen with mtime 1614303883.8401048
(0.000) SELECT "todo_tarea"."id", "todo_tarea"."tarea" FROM "todo_tarea"; args=()
"GET / HTTP/1.1" 200 3875
(0.000) SELECT "todo_tarea"."id", "todo_tarea"."tarea" FROM "todo_tarea"; args=()
"GET / HTTP/1.1" 200 3875
"GET /agregar/ HTTP/1.1" 200 3184
(0.002) INSERT INTO "todo_tarea" ("tarea") VALUES ('estudiar'); args=['estudiar']
"POST /agregar/ HTTP/1.1" 302 0
(0.000) SELECT "todo_tarea"."id", "todo_tarea"."tarea" FROM "todo_tarea"; args=()
"GET / HTTP/1.1" 200 4175
